#
# There is insufficient memory for the Java Runtime Environment to continue.
# Native memory allocation (mmap) failed to map 266338304 bytes for Failed to commit area from 0x0000000702e00000 to 0x0000000712c00000 of length 266338304.
# Possible reasons:
#   The system is out of physical RAM or swap space
#   The process is running with CompressedOops enabled, and the Java Heap may be blocking the growth of the native heap
# Possible solutions:
#   Reduce memory load on the system
#   Increase physical memory or swap space
#   Check if swap backing store is full
#   Decrease Java heap size (-Xmx/-Xms)
#   Decrease number of Java threads
#   Decrease Java thread stack sizes (-Xss)
#   Set larger code cache with -XX:ReservedCodeCacheSize=
# This output file may be truncated or incomplete.
#
#  Out of Memory Error (./src/hotspot/os/windows/os_windows.cpp:3387), pid=110824, tid=121324
#
# JRE version:  (11.0.14.1+1) (build )
# Java VM: OpenJDK 64-Bit Server VM (11.0.14.1+1, mixed mode, sharing, tiered, compressed oops, g1 gc, windows-amd64)
# No core dump will be written. Minidumps are not enabled by default on client versions of Windows
#

---------------  S U M M A R Y ------------

Command Line: -Dcom.android.sdklib.toolsdir=F:\_Program Files\Unity\Hub\Editor\2023.2.3f1\Editor\Data\PlaybackEngines\AndroidPlayer\SDK\cmdline-tools\6.0\bin\\.. com.android.sdklib.tool.sdkmanager.SdkManagerCli --list

Host: 12th Gen Intel(R) Core(TM) i5-12400F, 12 cores, 15G,  Windows 10 , 64 bit Build 19041 (10.0.19041.3636)
Time: Tue May 14 16:34:53 2024 SE Asia Standard Time elapsed time: 0.007961 seconds (0d 0h 0m 0s)

---------------  T H R E A D  ---------------

Current thread (0x000001b6fc573800):  JavaThread "Unknown thread" [_thread_in_vm, id=121324, stack(0x000000af52500000,0x000000af52600000)]

Stack: [0x000000af52500000,0x000000af52600000]
Native frames: (J=compiled Java code, j=interpreted, Vv=VM code, C=native code)
V  [jvm.dll+0x61e59a]
V  [jvm.dll+0x7aaca9]
V  [jvm.dll+0x7ac398]
V  [jvm.dll+0x7aca73]
V  [jvm.dll+0x24f9b8]
V  [jvm.dll+0x61b83a]
V  [jvm.dll+0x6100c5]
V  [jvm.dll+0x30772c]
V  [jvm.dll+0x3075b2]
V  [jvm.dll+0x30c2d6]
V  [jvm.dll+0x35272f]
V  [jvm.dll+0x352160]
V  [jvm.dll+0x2e4728]
V  [jvm.dll+0x2e5886]
V  [jvm.dll+0x784b07]
V  [jvm.dll+0x78628f]
V  [jvm.dll+0x35f479]
V  [jvm.dll+0x767aa0]
V  [jvm.dll+0x3ccf1f]
V  [jvm.dll+0x3cf2b1]
C  [jli.dll+0x5207]
C  [ucrtbase.dll+0x21bb2]
C  [KERNEL32.DLL+0x17344]
C  [ntdll.dll+0x526b1]


---------------  P R O C E S S  ---------------

Threads class SMR info:
_java_thread_list=0x000001b6fc3977e0, length=0, elements={
}

Java Threads: ( => current thread )

Other Threads:
  0x000001b6fc58b000 GCTaskThread "GC Thread#0" [stack: 0x000000af52600000,0x000000af52700000] [id=118472]
  0x000001b6fc5e9800 ConcurrentGCThread "G1 Main Marker" [stack: 0x000000af52700000,0x000000af52800000] [id=5860]
  0x000001b6fc5ec800 ConcurrentGCThread "G1 Conc#0" [stack: 0x000000af52800000,0x000000af52900000] [id=146512]

[error occurred during error reporting (printing all threads), id 0xc0000005, EXCEPTION_ACCESS_VIOLATION (0xc0000005) at pc=0x00007ffa7fc23ef7]

VM state:not at safepoint (not fully initialized)

VM Mutex/Monitor currently owned by a thread:  ([mutex/lock_event])
[0x000001b6fc56f8f0] Heap_lock - owner thread: 0x000001b6fc573800

Heap address: 0x0000000702e00000, size: 4050 MB, Compressed Oops mode: Non-zero based: 0x0000000702e00000
Narrow klass base: 0x0000000000000000, Narrow klass shift: 0

GC Heap History (0 events):
No events

Deoptimization events (0 events):
No events

Classes redefined (0 events):
No events

Internal exceptions (0 events):
No events

Events (1 events):
Event: 0.005 Loaded shared library F:\_Program Files\Unity\Hub\Editor\2023.2.3f1\Editor\Data\PlaybackEngines\AndroidPlayer\OpenJDK\bin\zip.dll


Dynamic libraries:
0x00007ff620bf0000 - 0x00007ff620bfd000 	F:\_Program Files\Unity\Hub\Editor\2023.2.3f1\Editor\Data\PlaybackEngines\AndroidPlayer\OpenJDK\bin\java.exe
0x00007ffb25550000 - 0x00007ffb25748000 	C:\Windows\SYSTEM32\ntdll.dll
0x00007ffb24590000 - 0x00007ffb2464d000 	C:\Windows\System32\KERNEL32.DLL
0x00007ffb22f00000 - 0x00007ffb231f6000 	C:\Windows\System32\KERNELBASE.dll
0x00007ffb23230000 - 0x00007ffb23330000 	C:\Windows\System32\ucrtbase.dll
0x00007ffb09da0000 - 0x00007ffb09db7000 	F:\_Program Files\Unity\Hub\Editor\2023.2.3f1\Editor\Data\PlaybackEngines\AndroidPlayer\OpenJDK\bin\jli.dll
0x00007ffb08860000 - 0x00007ffb08875000 	F:\_Program Files\Unity\Hub\Editor\2023.2.3f1\Editor\Data\PlaybackEngines\AndroidPlayer\OpenJDK\bin\VCRUNTIME140.dll
0x00007ffb236b0000 - 0x00007ffb2384f000 	C:\Windows\System32\USER32.dll
0x00007ffb177e0000 - 0x00007ffb17a7a000 	C:\Windows\WinSxS\amd64_microsoft.windows.common-controls_6595b64144ccf1df_6.0.19041.3636_none_60b6a03d71f818d5\COMCTL32.dll
0x00007ffb22c00000 - 0x00007ffb22c22000 	C:\Windows\System32\win32u.dll
0x00007ffb25470000 - 0x00007ffb2550e000 	C:\Windows\System32\msvcrt.dll
0x00007ffb23b00000 - 0x00007ffb23b2b000 	C:\Windows\System32\GDI32.dll
0x00007ffb22de0000 - 0x00007ffb22ef7000 	C:\Windows\System32\gdi32full.dll
0x00007ffb23330000 - 0x00007ffb233cd000 	C:\Windows\System32\msvcp_win.dll
0x00007ffb248f0000 - 0x00007ffb24922000 	C:\Windows\System32\IMM32.DLL
0x00007ffab83f0000 - 0x00007ffab848b000 	F:\_Program Files\Unity\Hub\Editor\2023.2.3f1\Editor\Data\PlaybackEngines\AndroidPlayer\OpenJDK\bin\msvcp140.dll
0x00007ffa7f930000 - 0x00007ffa804b1000 	F:\_Program Files\Unity\Hub\Editor\2023.2.3f1\Editor\Data\PlaybackEngines\AndroidPlayer\OpenJDK\bin\server\jvm.dll
0x00007ffb24840000 - 0x00007ffb248f0000 	C:\Windows\System32\ADVAPI32.dll
0x00007ffb23a00000 - 0x00007ffb23aa0000 	C:\Windows\System32\sechost.dll
0x00007ffb24690000 - 0x00007ffb247b3000 	C:\Windows\System32\RPCRT4.dll
0x00007ffb23200000 - 0x00007ffb23227000 	C:\Windows\System32\bcrypt.dll
0x00007ffb24660000 - 0x00007ffb24668000 	C:\Windows\System32\PSAPI.DLL
0x00007ffb1c5a0000 - 0x00007ffb1c5aa000 	C:\Windows\SYSTEM32\VERSION.dll
0x00007ffb0a800000 - 0x00007ffb0a809000 	C:\Windows\SYSTEM32\WSOCK32.dll
0x00007ffb19290000 - 0x00007ffb192b7000 	C:\Windows\SYSTEM32\WINMM.dll
0x00007ffb24520000 - 0x00007ffb2458b000 	C:\Windows\System32\WS2_32.dll
0x00007ffb21440000 - 0x00007ffb21452000 	C:\Windows\SYSTEM32\kernel.appcore.dll
0x00007ffb08850000 - 0x00007ffb08860000 	F:\_Program Files\Unity\Hub\Editor\2023.2.3f1\Editor\Data\PlaybackEngines\AndroidPlayer\OpenJDK\bin\verify.dll
0x00007ffb20f80000 - 0x00007ffb21164000 	C:\Windows\SYSTEM32\DBGHELP.DLL
0x00007ffb02880000 - 0x00007ffb028b4000 	C:\Windows\SYSTEM32\dbgcore.DLL
0x00007ffb22c30000 - 0x00007ffb22cb2000 	C:\Windows\System32\bcryptPrimitives.dll
0x00007ffaf69b0000 - 0x00007ffaf69d8000 	F:\_Program Files\Unity\Hub\Editor\2023.2.3f1\Editor\Data\PlaybackEngines\AndroidPlayer\OpenJDK\bin\java.dll
0x00007ffb08840000 - 0x00007ffb0884a000 	F:\_Program Files\Unity\Hub\Editor\2023.2.3f1\Editor\Data\PlaybackEngines\AndroidPlayer\OpenJDK\bin\jimage.dll
0x00007ffadcc50000 - 0x00007ffadcc68000 	F:\_Program Files\Unity\Hub\Editor\2023.2.3f1\Editor\Data\PlaybackEngines\AndroidPlayer\OpenJDK\bin\zip.dll

dbghelp: loaded successfully - version: 4.0.5 - missing functions: none
symbol engine: initialized successfully - sym options: 0x614 - pdb path: .;F:\_Program Files\Unity\Hub\Editor\2023.2.3f1\Editor\Data\PlaybackEngines\AndroidPlayer\OpenJDK\bin;C:\Windows\SYSTEM32;C:\Windows\WinSxS\amd64_microsoft.windows.common-controls_6595b64144ccf1df_6.0.19041.3636_none_60b6a03d71f818d5;F:\_Program Files\Unity\Hub\Editor\2023.2.3f1\Editor\Data\PlaybackEngines\AndroidPlayer\OpenJDK\bin\server

VM Arguments:
jvm_args: -Dcom.android.sdklib.toolsdir=F:\_Program Files\Unity\Hub\Editor\2023.2.3f1\Editor\Data\PlaybackEngines\AndroidPlayer\SDK\cmdline-tools\6.0\bin\\.. 
java_command: com.android.sdklib.tool.sdkmanager.SdkManagerCli --list
java_class_path (initial): F:\_Program Files\Unity\Hub\Editor\2023.2.3f1\Editor\Data\PlaybackEngines\AndroidPlayer\SDK\cmdline-tools\6.0\bin\..\lib\sdkmanager-classpath.jar
Launcher Type: SUN_STANDARD

[Global flags]
     intx CICompilerCount                          = 4                                         {product} {ergonomic}
     uint ConcGCThreads                            = 3                                         {product} {ergonomic}
     uint G1ConcRefinementThreads                  = 10                                        {product} {ergonomic}
   size_t G1HeapRegionSize                         = 1048576                                   {product} {ergonomic}
    uintx GCDrainStackTargetSize                   = 64                                        {product} {ergonomic}
   size_t InitialHeapSize                          = 266338304                                 {product} {ergonomic}
   size_t MarkStackSize                            = 4194304                                   {product} {ergonomic}
   size_t MaxHeapSize                              = 4246732800                                {product} {ergonomic}
   size_t MinHeapDeltaBytes                        = 1048576                                   {product} {ergonomic}
    uintx NonNMethodCodeHeapSize                   = 5836300                                {pd product} {ergonomic}
    uintx NonProfiledCodeHeapSize                  = 122910970                              {pd product} {ergonomic}
    uintx ProfiledCodeHeapSize                     = 122910970                              {pd product} {ergonomic}
    uintx ReservedCodeCacheSize                    = 251658240                              {pd product} {ergonomic}
     bool SegmentedCodeCache                       = true                                      {product} {ergonomic}
     bool UseCompressedClassPointers               = true                                 {lp64_product} {ergonomic}
     bool UseCompressedOops                        = true                                 {lp64_product} {ergonomic}
     bool UseG1GC                                  = true                                      {product} {ergonomic}
     bool UseLargePagesIndividualAllocation        = false                                  {pd product} {ergonomic}

Logging:
Log output configuration:
 #0: stdout all=warning uptime,level,tags
 #1: stderr all=off uptime,level,tags

Environment Variables:
JAVA_HOME=F:\_Program Files\Unity\Hub\Editor\2023.2.3f1\Editor\Data\PlaybackEngines\AndroidPlayer\OpenJDK
CLASSPATH=F:\_Program Files\Unity\Hub\Editor\2023.2.3f1\Editor\Data\PlaybackEngines\AndroidPlayer\SDK\cmdline-tools\6.0\bin\..\lib\sdkmanager-classpath.jar
PATH=C:\Windows\system32;C:\Windows;C:\Windows\System32\Wbem;C:\Windows\System32\WindowsPowerShell\v1.0\;C:\Windows\System32\OpenSSH\;C:\Program Files (x86)\NVIDIA Corporation\PhysX\Common;C:\Program Files\NVIDIA Corporation\NVIDIA NvDLISR;C:\Program Files\dotnet\;D:\Additional Program Files\Git\cmd;C:\Program Files\Microsoft SQL Server\150\Tools\Binn\;C:\Program Files\Microsoft SQL Server\Client SDK\ODBC\170\Tools\Binn\;C:\Users\admin\AppData\Local\Programs\Python\Python311;C:\Users\admin\AppData\Local\Programs\Python\Python311\Scripts;C:\Program Files\Microsoft VS Code\bin;C:\Program Files\Cloudflare\Cloudflare WARP\;D:\Additional Program Files\NodeJS\;D:\Additional Program Files\xampp\php;;D:\Additional Program Files\Git LFS;C:\Users\admin\AppData\Local\Microsoft\WindowsApps;C:\Users\admin\AppData\Local\Programs\Microsoft VS Code\bin;C:\Users\admin\.dotnet\tools;C:\Users\admin\AppData\Local\GitHubDesktop\bin;C:\Users\admin\AppData\Local\Packages\PythonSoftwareFoundation.Python.3.11_qbz5n2kfra8p0\LocalCache\local-packages\Python311;C:\Users\admin\AppData\Local\Pandoc\;C:\Users\admin\AppData\Local\Programs\Python\Python311;C:\Users\admin\AppData\Roaming\npm
USERNAME=admin
OS=Windows_NT
PROCESSOR_IDENTIFIER=Intel64 Family 6 Model 151 Stepping 5, GenuineIntel



---------------  S Y S T E M  ---------------

OS: Windows 10 , 64 bit Build 19041 (10.0.19041.3636)
OS uptime: 17 days 12:02 hours

CPU:total 12 (initial active 12) (6 cores per cpu, 2 threads per core) family 6 model 151 stepping 5 microcode 0x25, cmov, cx8, fxsr, mmx, sse, sse2, sse3, ssse3, sse4.1, sse4.2, popcnt, avx, avx2, aes, clmul, erms, 3dnowpref, lzcnt, ht, tsc, tscinvbit, bmi1, bmi2, adx, sha, fma

Memory: 4k page, system-wide physical 16197M (1717M free)
TotalPageFile size 45978M (AvailPageFile size 73M)
current process WorkingSet (physical memory assigned to process): 10M, peak: 10M
current process commit charge ("private bytes"): 64M, peak: 318M

vm_info: OpenJDK 64-Bit Server VM (11.0.14.1+1) for windows-amd64 JRE (11.0.14.1+1), built on Feb  9 2022 01:48:27 by "" with unknown MS VC++:1916

END.
